<?xml version="1.0" encoding="UTF-8"?>
<!-- Generated by org.testng.reporters.JUnitReportReporter -->
<testsuite skipped="0" hostname="om12" name="com.title.qa.base.Demo1" tests="1" failures="0" timestamp="28 Dec 2018 09:10:56 GMT" time="6.582" errors="0">
  <testcase name="verifyHomepageTitle" time="6.582" classname="com.title.qa.base.Demo1"/>
</testsuite> <!-- com.title.qa.base.Demo1 -->
