<?xml version="1.0" encoding="UTF-8"?>
<!-- Generated by org.testng.reporters.JUnitReportReporter -->
<testsuite skipped="0" hostname="om12" name="com.title.qa.base.Demo3" tests="1" failures="0" timestamp="28 Dec 2018 10:43:01 GMT" time="1.796" errors="0">
  <testcase name="verifyHomePageTitle" time="1.796" classname="com.title.qa.base.Demo3"/>
</testsuite> <!-- com.title.qa.base.Demo3 -->
