<?xml version="1.0" encoding="UTF-8"?>
<!-- Generated by org.testng.reporters.JUnitReportReporter -->
<testsuite skipped="0" hostname="om12" name="com.title.qa.base.Demo4" tests="2" failures="0" timestamp="28 Dec 2018 10:58:13 GMT" time="6.414" errors="0">
  <testcase name="register" time="4.469" classname="com.title.qa.base.Demo4"/>
  <testcase name="support" time="1.945" classname="com.title.qa.base.Demo4"/>
</testsuite> <!-- com.title.qa.base.Demo4 -->
