<?xml version="1.0" encoding="UTF-8"?>
<!-- Generated by org.testng.reporters.JUnitReportReporter -->
<testsuite skipped="0" hostname="om12" name="com.title.qa.base.Demo2" tests="1" failures="0" timestamp="28 Dec 2018 09:59:25 GMT" time="0.096" errors="0">
  <testcase name="TitlePage" time="0.096" classname="com.title.qa.base.Demo2"/>
</testsuite> <!-- com.title.qa.base.Demo2 -->
